This is pdfTeX, Version 3.1415926-2.5-1.40.14 (TeX Live 2013/Arch Linux) (format=latex 2013.9.5)  8 SEP 2013 19:23
entering extended mode
 restricted \write18 enabled.
 %&-line parsing enabled.
**titling.dvi
(./titling.dvi
LaTeX2e <2011/06/27>
Babel <3.9f> and hyphenation patterns for 78 languages loaded.

! LaTeX Error: Missing \begin{document}.

See the LaTeX manual or LaTeX Companion for explanation.
Type  H <return>  for immediate help.
 ...                                              
                                                  
l.1 ÷
     ^^B^^Aƒ’À^^\;^^@^^@^^@^^@^^Cè^^[ TeX output 2013.09.08:1923‹^^@^^@^^@^^...

? 
Missing character: There is no ÷ in font nullfont!
! Text line contains an invalid character.
l.1 ÷^^B
        ^^Aƒ’À^^\;^^@^^@^^@^^@^^Cè^^[ TeX output 2013.09.08:1923‹^^@^^@^^@^^...

? 
! Text line contains an invalid character.
l.1 ÷^^B^^A
           ƒ’À^^\;^^@^^@^^@^^@^^Cè^^[ TeX output 2013.09.08:1923‹^^@^^@^^@^^...

? 
! Interruption.
<to be read again> 
                   ƒ
l.1 ÷^^B^^Aƒ
            ’À^^\;^^@^^@^^@^^@^^Cè^^[ TeX output 2013.09.08:1923‹^^@^^@^^@^^...

? 
Missing character: There is no ƒ in font nullfont!
Missing character: There is no ’ in font nullfont!
Missing character: There is no À in font nullfont!
! Text line contains an invalid character.
l.1 ÷^^B^^Aƒ’À^^\
                 ;^^@^^@^^@^^@^^Cè^^[ TeX output 2013.09.08:1923‹^^@^^@^^@^^...

? 
Missing character: There is no ; in font nullfont!
! Text line contains an invalid character.
l.1 ÷^^B^^Aƒ’À^^\;^^@
                     ^^@^^@^^@^^Cè^^[ TeX output 2013.09.08:1923‹^^@^^@^^@^^...

? 
! Text line contains an invalid character.
l.1 ÷^^B^^Aƒ’À^^\;^^@^^@
                        ^^@^^@^^Cè^^[ TeX output 2013.09.08:1923‹^^@^^@^^@^^...

? 
! Text line contains an invalid character.
l.1 ÷^^B^^Aƒ’À^^\;^^@^^@^^@
                           ^^@^^Cè^^[ TeX output 2013.09.08:1923‹^^@^^@^^@^^...

? 
! Text line contains an invalid character.
l.1 ÷^^B^^Aƒ’À^^\;^^@^^@^^@^^@
                              ^^Cè^^[ TeX output 2013.09.08:1923‹^^@^^@^^@^^...

? 
! Text line contains an invalid character.
l.1 ÷^^B^^Aƒ’À^^\;^^@^^@^^@^^@^^C
                                 è^^[ TeX output 2013.09.08:1923‹^^@^^@^^@^^...

? 
Missing character: There is no è in font nullfont!
! Text line contains an invalid character.
l.1 ÷^^B^^Aƒ’À^^\;^^@^^@^^@^^@^^Cè^^[
                                      TeX output 2013.09.08:1923‹^^@^^@^^@^^...

? 
Missing character: There is no T in font nullfont!
Missing character: There is no e in font nullfont!
Missing character: There is no X in font nullfont!
Missing character: There is no o in font nullfont!
Missing character: There is no u in font nullfont!
Missing character: There is no t in font nullfont!
Missing character: There is no p in font nullfont!
Missing character: There is no u in font nullfont!
Missing character: There is no t in font nullfont!
Missing character: There is no 2 in font nullfont!
Missing character: There is no 0 in font nullfont!
Missing character: There is no 1 in font nullfont!
Missing character: There is no 3 in font nullfont!
Missing character: There is no . in font nullfont!
Missing character: There is no 0 in font nullfont!
Missing character: There is no 9 in font nullfont!
Missing character: There is no . in font nullfont!
Missing character: There is no 0 in font nullfont!
Missing character: There is no 8 in font nullfont!
Missing character: There is no : in font nullfont!
Missing character: There is no 1 in font nullfont!
Missing character: There is no 9 in font nullfont!
Missing character: There is no 2 in font nullfont!
Missing character: There is no 3 in font nullfont!
Missing character: There is no ‹ in font nullfont!
! Text line contains an invalid character.
l.1 ...^@^^@^^Cè^^[ TeX output 2013.09.08:1923‹^^@
                                                  ^^@^^@^^A^^@^^@^^@^^@^^@^^...

? 
! Text line contains an invalid character.
l.1 ...^@^^Cè^^[ TeX output 2013.09.08:1923‹^^@^^@
                                                  ^^@^^A^^@^^@^^@^^@^^@^^@^^...

? 
! Text l