0 info it worked if it ends with ok
1 verbose cli [ 'C:\\Program Files\\nodejs\\node.exe',
1 verbose cli   'C:\\Program Files\\nodejs\\node_modules\\npm\\bin\\npm-cli.js',
1 verbose cli   'install',
1 verbose cli   'freenect' ]
2 info using npm@1.2.18
3 info using node@v0.10.4
4 verbose read json C:\cygwin\home\kgee\Typhoon\webDev\node\4multimediaLayers\package.json
5 verbose read json C:\cygwin\home\kgee\Typhoon\webDev\node\4multimediaLayers\node_modules\connect\package.json
6 verbose read json C:\cygwin\home\kgee\Typhoon\webDev\node\4multimediaLayers\node_modules\node-static\package.json
7 verbose read json C:\cygwin\home\kgee\Typhoon\webDev\node\4multimediaLayers\package.json
8 verbose cache add [ 'freenect', null ]
9 verbose cache add name=undefined spec="freenect" args=["freenect",null]
10 verbose parsed url { protocol: null,
10 verbose parsed url   slashes: null,
10 verbose parsed url   auth: null,
10 verbose parsed url   host: null,
10 verbose parsed url   port: null,
10 verbose parsed url   hostname: null,
10 verbose parsed url   hash: null,
10 verbose parsed url   search: null,
10 verbose parsed url   query: null,
10 verbose parsed url   pathname: 'freenect',
10 verbose parsed url   path: 'freenect',
10 verbose parsed url   href: 'freenect' }
11 silly lockFile 0a1772e2-freenect freenect
12 verbose lock freenect C:\Users\kgee\AppData\Roaming\npm-cache\0a1772e2-freenect.lock
13 silly lockFile 0a1772e2-freenect freenect
14 silly lockFile 0a1772e2-freenect freenect
15 verbose addNamed [ 'freenect', '' ]
16 verbose addNamed [ null, '' ]
17 silly lockFile b4c7a52f-freenect freenect@
18 verbose lock freenect@ C:\Users\kgee\AppData\Roaming\npm-cache\b4c7a52f-freenect.lock
19 silly addNameRange { name: 'freenect', range: '', hasData: false }
20 verbose url raw freenect
21 verbose url resolving [ 'https://registry.npmjs.org/', './freenect' ]
22 verbose url resolved https://registry.npmjs.org/freenect
23 info trying registry request attempt 1 at 17:38:33
24 http GET https://registry.npmjs.org/freenect
25 http 404 https://registry.npmjs.org/freenect
26 silly registry.get cb [ 404,
26 silly registry.get   { server: 'CouchDB/1.3.0 (Erlang OTP/R15B03)',
26 silly registry.get     date: 'Wed, 29 May 2013 21:38:34 GMT',
26 silly registry.get     'content-type': 'application/json',
26 silly registry.get     'content-length': '52',
26 silly registry.get     'cache-control': 'must-revalidate' } ]
27 silly lockFile b4c7a52f-freenect freenect@
28 silly lockFile b4c7a52f-freenect freenect@
29 error 404 'freenect' is not in the npm registry.
29 error 404 You should bug the author to publish it
29 error 404
29 error 404 Note that you can also install from a
29 error 404 tarball, folder, or http url, or git url.
30 error System Windows_NT 6.1.7601
31 error command "C:\\Program Files\\nodejs\\node.exe" "C:\\Program Files\\nodejs\\node_modules\\npm\\bin\\npm-cli.js" "install" "freenect"
32 error cwd C:\cygwin\home\kgee\Typhoon\webDev\node\4multimediaLayers
33 error node -v v0.10.4
34 error npm -v 1.2.18
35 error code E404
36 verbose exit [ 1, true ]
